<?xml version="1.0" encoding="UTF-8"?>
<testng-results skipped="0" failed="0" ignored="0" total="1" passed="1">
  <reporter-output>
  </reporter-output>
  <suite name="Default suite" duration-ms="3958" started-at="2022-11-08T13:43:34Z" finished-at="2022-11-08T13:43:38Z">
    <groups>
    </groups>
    <test name="Default test" duration-ms="3958" started-at="2022-11-08T13:43:34Z" finished-at="2022-11-08T13:43:38Z">
      <class name="org.prasannasample.Project">
        <test-method status="PASS" signature="test1()[pri:0, instance:org.prasannasample.Project@68c4039c]" name="test1" duration-ms="612" started-at="2022-11-08T13:43:37Z" finished-at="2022-11-08T13:43:38Z">
          <reporter-output>
          </reporter-output>
        </test-method> <!-- test1 -->
      </class> <!-- org.prasannasample.Project -->
    </test> <!-- Default test -->
  </suite> <!-- Default suite -->
</testng-results>
